INFO  2024-02-20T09:06:11.170 ThreadId(7) [client:typescript] Client starting.
ERROR 2024-02-20T09:06:11.877 ThreadId(7) [1P:op-crash-reporting/src/crash_report.rs:181] Failed to load crash reports from disk: Os { code: 2, kind: NotFound, message: "No such file or directory" }
INFO  2024-02-20T09:06:11.880 ThreadId(7) [1P:op-localization/src/lib.rs:239] system locale detected as 'en-US'
INFO  2024-02-20T09:06:11.880 ThreadId(7) [1P:op-localization/src/lib.rs:265] selected translations for EN_US based on detected locale en-US
INFO  2024-02-20T09:06:11.880 ThreadId(7) [status:op-app/src/app.rs:569] App::new(1Password for Linux/81024044 (EN_US), /home/$USER/.config/1Password/1password.sqlite, /home/$USER/.config/1Password/1password_resources.sqlite)
INFO  2024-02-20T09:06:11.917 ThreadId(7) [1P:data/op-db/src/common/mod.rs:120] Core DB Table Integrity Check Succeeded
INFO  2024-02-20T09:06:11.917 ThreadId(7) [1P:data/op-db/src/common/mod.rs:134] Core DB Integrity Check Succeeded
INFO  2024-02-20T09:06:11.917 ThreadId(7) [1P:data/op-db/src/core_db/db.rs:165] Starting Core DB at version: 30
INFO  2024-02-20T09:06:11.919 ThreadId(7) [1P:data/op-db/src/common/mod.rs:120] Resources DB Table Integrity Check Succeeded
INFO  2024-02-20T09:06:11.919 ThreadId(7) [1P:data/op-db/src/common/mod.rs:134] Resources DB Integrity Check Succeeded
INFO  2024-02-20T09:06:11.919 ThreadId(7) [1P:data/op-db/src/resources_db/db.rs:133] Starting Resources DB at version: 1
ERROR 2024-02-20T09:06:11.942 ThreadId(7) [1P:/builds/dev/core/core/ssh/op-ssh-config/src/lib.rs:183] Failed to start ssh config file watcher: Io(Os { code: 2, kind: NotFound, message: "No such file or directory" })
INFO  2024-02-20T09:06:11.950 tokio-runtime-worker(ThreadId(1)) [1P:native-messaging/op-native-core-integration/src/lib.rs:328] Starting IPC listener on 1Password-BrowserSupport
INFO  2024-02-20T09:06:11.951 tokio-runtime-worker(ThreadId(1)) [1P:native-messaging/op-native-core-integration/src/lib.rs:340] Active native core integration is awaiting messages
INFO  2024-02-20T09:06:11.959 tokio-runtime-worker(ThreadId(2)) [1P:native-messaging/op-nm-installer/src/nix_utils.rs:68] Created NMH manifest at /home/$USER/.config/google-chrome/NativeMessagingHosts/com.1password.1password.json
INFO  2024-02-20T09:06:11.960 tokio-runtime-worker(ThreadId(2)) [1P:native-messaging/op-nm-installer/src/nix_utils.rs:68] Created NMH manifest at /home/$USER/.config/google-chrome-beta/NativeMessagingHosts/com.1password.1password.json
INFO  2024-02-20T09:06:11.961 tokio-runtime-worker(ThreadId(2)) [1P:native-messaging/op-nm-installer/src/nix_utils.rs:68] Created NMH manifest at /home/$USER/.config/google-chrome-unstable/NativeMessagingHosts/com.1password.1password.json
INFO  2024-02-20T09:06:11.962 tokio-runtime-worker(ThreadId(2)) [1P:native-messaging/op-nm-installer/src/nix_utils.rs:68] Created NMH manifest at /home/$USER/.config/chromium/NativeMessagingHosts/com.1password.1password.json
INFO  2024-02-20T09:06:11.963 tokio-runtime-worker(ThreadId(2)) [1P:native-messaging/op-nm-installer/src/nix_utils.rs:68] Created NMH manifest at /home/$USER/.config/microsoft-edge-dev/NativeMessagingHosts/com.1password.1password.json
INFO  2024-02-20T09:06:11.963 tokio-runtime-worker(ThreadId(2)) [1P:native-messaging/op-nm-installer/src/nix_utils.rs:68] Created NMH manifest at /home/$USER/.config/BraveSoftware/Brave-Browser/NativeMessagingHosts/com.1password.1password.json
INFO  2024-02-20T09:06:11.963 tokio-runtime-worker(ThreadId(2)) [1P:native-messaging/op-nm-installer/src/nix_utils.rs:68] Created NMH manifest at /home/$USER/.config/vivaldi/NativeMessagingHosts/com.1password.1password.json
INFO  2024-02-20T09:06:11.964 tokio-runtime-worker(ThreadId(2)) [1P:native-messaging/op-nm-installer/src/nix_utils.rs:68] Created NMH manifest at /home/$USER/.config/vivaldi-snapshot/NativeMessagingHosts/com.1password.1password.json
INFO  2024-02-20T09:06:11.964 tokio-runtime-worker(ThreadId(2)) [1P:native-messaging/op-nm-installer/src/nix_utils.rs:68] Created NMH manifest at /home/$USER/.mozilla/native-messaging-hosts/com.1password.1password.json
INFO  2024-02-20T09:06:11.964 tokio-runtime-worker(ThreadId(2)) [1P:native-messaging/op-nm-installer/src/nix_utils.rs:83] Successfully installed all native messaging manifests.
INFO  2024-02-20T09:06:11.982 tokio-runtime-worker(ThreadId(4)) [1P:ssh/op-agent-controller/src/desktop.rs:438] Starting filesystem watcher for SSH agent configuration directories...
ERROR 2024-02-20T09:06:11.983 tokio-runtime-worker(ThreadId(4)) [1P:/builds/dev/core/core/ssh/op-agent-controller/src/desktop.rs:439] Io(Os { code: 2, kind: NotFound, message: "No such file or directory" })
INFO  2024-02-20T09:06:12.695 tokio-runtime-worker(ThreadId(3)) [1P:op-app/src/app/backend/unlock.rs:538] System unlock was attempted but we cannot use it.
INFO  2024-02-20T09:06:12.708 tokio-runtime-worker(ThreadId(3)) [1P:op-app/src/app/backend/lock_screen.rs:94] System unlock is enabled: true
INFO  2024-02-20T09:06:12.710 tokio-runtime-worker(ThreadId(4)) [1P:op-app/src/app/backend/lock_screen.rs:121] Sys auth status NotSetup
INFO  2024-02-20T09:06:13.562 tokio-runtime-worker(ThreadId(2)) [1P:native-messaging/op-native-core-integration/src/lib.rs:406] Extension connecting.
INFO  2024-02-20T09:06:13.562 tokio-runtime-worker(ThreadId(2)) [1P:native-messaging/op-native-core-integration/src/lib.rs:408] Extension connection accepted.
INFO  2024-02-20T09:09:09.624 tokio-runtime-worker(ThreadId(2)) [1P:op-app/src/app/backend/lock_screen.rs:94] System unlock is enabled: true
INFO  2024-02-20T09:09:09.713 tokio-runtime-worker(ThreadId(3)) [1P:/builds/dev/core/core/data/ext/op-account-ext-settings-authentication/src/lib.rs:211] loaded settings authentication key: 02bd39efc00e5452
INFO  2024-02-20T09:09:09.721 tokio-runtime-worker(ThreadId(3)) [1P:data/ext/op-account-ext-items/src/lib.rs:262] loaded 274 items in 4 vaults for account: VYVQDGI4M5F7BD5R3KA7QX6YGQ
INFO  2024-02-20T09:09:09.728 tokio-runtime-worker(ThreadId(1)) [1P:op-settings/src/store/json_store.rs:685] initializing settings authentication with key 02bd39efc00e5452
INFO  2024-02-20T09:09:09.728 tokio-runtime-worker(ThreadId(1)) [1P:op-app/src/app/backend/unlock.rs:135] Lock state changed: Unlocked
INFO  2024-02-20T09:09:09.729 tokio-runtime-worker(ThreadId(1)) [1P:op-app/src/app/backend/unlock.rs:166] Processing unlocked account VYVQDGI4M5F7BD5R3KA7QX6YGQ
INFO  2024-02-20T09:09:09.800 tokio-runtime-worker(ThreadId(2)) [1P:data/op-account-system-unlock/src/lib.rs:518] Adding system unlock key. Verifying keysets can be decrypted.
INFO  2024-02-20T09:09:09.802 tokio-runtime-worker(ThreadId(2)) [1P:data/op-account-system-unlock/src/lib.rs:524] Adding system unlock key. Encrypting muk.
INFO  2024-02-20T09:09:09.812 ThreadId(13) [1P:data/op-account-system-unlock/src/lib.rs:530] Adding system unlock key. Updating account.
INFO  2024-02-20T09:09:10.618 tokio-runtime-worker(ThreadId(2)) [1P:op-b5-client/src/internal/unauthorized_session.rs:1042] Skipping MFA because server did not return MFA config
INFO  2024-02-20T09:09:11.060 tokio-runtime-worker(ThreadId(4)) [1P:data/ext/op-account-ext-syncer/src/lib.rs:249] The B5 Notifier for (VYVQDGI4M5F7BD5R3KA7QX6YGQ) has connected, now monitoring for events.
INFO  2024-02-20T09:09:11.107 tokio-runtime-worker(ThreadId(4)) [1P:op-syncer/src/sync_job.rs:314] synced account VYVQDGI4M5F7BD5R3KA7QX6YGQ (0.484523796s)
INFO  2024-02-20T09:09:11.108 tokio-runtime-worker(ThreadId(1)) [1P:data/op-file-transfer/src/lib.rs:579] find_and_complete_pending_uploads: 'VYVQDGI4M5F7BD5R3KA7QX6YGQ'
INFO  2024-02-20T09:54:23.767 tokio-runtime-worker(ThreadId(1)) [1P:op-b5-client/src/internal/unauthorized_session.rs:1042] Skipping MFA because server did not return MFA config
INFO  2024-02-20T09:54:25.000 tokio-runtime-worker(ThreadId(1)) [1P:op-syncer/src/sync_job.rs:314] synced account VYVQDGI4M5F7BD5R3KA7QX6YGQ (0.248762374s)
INFO  2024-02-20T09:54:30.015 tokio-runtime-worker(ThreadId(3)) [1P:op-syncer/src/sync_job.rs:314] synced account VYVQDGI4M5F7BD5R3KA7QX6YGQ (0.282518528s)
INFO  2024-02-20T10:29:25.779 ThreadId(25) [1P:op-auto-lock/src/linux.rs:467] X screensaver event detected
INFO  2024-02-20T10:29:25.780 tokio-runtime-worker(ThreadId(4)) [1P:op-app/src/app/backend/lock.rs:120] Lock state changed: Locked
INFO  2024-02-20T10:29:25.781 tokio-runtime-worker(ThreadId(4)) [1P:op-app/src/app/backend/lock.rs:138] Locked. Reason: Automatic(ScreenSaverActivated).
ERROR 2024-02-20T10:29:25.943 tokio-runtime-worker(ThreadId(48)) [1P:ffi/op-core-node/src/lib.rs:486] CollectionNotFound
ERROR 2024-02-20T10:29:25.944 tokio-runtime-worker(ThreadId(48)) [1P:ffi/op-core-node/src/lib.rs:486] CollectionNotFound
INFO  2024-02-20T10:29:25.944 tokio-runtime-worker(ThreadId(4)) [1P:op-app/src/app/backend/lock_screen.rs:94] System unlock is enabled: true
INFO  2024-02-20T10:29:25.944 tokio-runtime-worker(ThreadId(48)) [1P:foundation/op-system-auth/src/lib.rs:321] Biometry is available for 1 or more accounts
INFO  2024-02-20T10:29:25.944 tokio-runtime-worker(ThreadId(3)) [1P:op-app/src/app/backend/lock_screen.rs:121] Sys auth status Ready
INFO  2024-02-20T10:29:26.568 tokio-runtime-worker(ThreadId(4)) [1P:op-app/src/app/backend/lock_screen.rs:94] System unlock is enabled: true
INFO  2024-02-20T10:29:26.568 tokio-runtime-worker(ThreadId(48)) [1P:foundation/op-system-auth/src/lib.rs:321] Biometry is available for 1 or more accounts
INFO  2024-02-20T10:29:26.568 tokio-runtime-worker(ThreadId(3)) [1P:op-app/src/app/backend/lock_screen.rs:121] Sys auth status Ready
ERROR 2024-02-20T11:59:12.690 tokio-runtime-worker(ThreadId(3)) [1P:native-messaging/op-native-core-integration/src/connection_handler.rs:62] message from b5x was None: EndConnection
ERROR 2024-02-20T11:59:12.690 tokio-runtime-worker(ThreadId(3)) [1P:native-messaging/op-native-core-integration/src/connection_handler.rs:31] Dropping connection with b5x due to error handling incoming message: EndConnection
INFO  2024-02-20T11:59:15.041 tokio-runtime-worker(ThreadId(3)) [1P:op-app/src/app/backend/frontend.rs:24] Front end event: window closed
