INFO  2024-02-20T06:40:37.790 ThreadId(7) [client:typescript] Client starting.
ERROR 2024-02-20T06:40:38.815 ThreadId(7) [1P:op-crash-reporting/src/crash_report.rs:181] Failed to load crash reports from disk: Os { code: 2, kind: NotFound, message: "No such file or directory" }
INFO  2024-02-20T06:40:38.815 ThreadId(7) [1P:op-localization/src/lib.rs:239] system locale detected as 'en-US'
INFO  2024-02-20T06:40:38.816 ThreadId(7) [1P:op-localization/src/lib.rs:265] selected translations for EN_US based on detected locale en-US
INFO  2024-02-20T06:40:38.816 ThreadId(7) [status:op-app/src/app.rs:569] App::new(1Password for Linux/81024044 (EN_US), /home/$USER/.config/1Password/1password.sqlite, /home/$USER/.config/1Password/1password_resources.sqlite)
INFO  2024-02-20T06:40:38.820 ThreadId(7) [1P:data/op-db/src/common/mod.rs:120] Core DB Table Integrity Check Succeeded
INFO  2024-02-20T06:40:38.821 ThreadId(7) [1P:data/op-db/src/common/mod.rs:134] Core DB Integrity Check Succeeded
INFO  2024-02-20T06:40:38.821 ThreadId(7) [1P:data/op-db/src/core_db/db.rs:165] Starting Core DB at version: 30
INFO  2024-02-20T06:40:38.821 ThreadId(7) [1P:data/op-db/src/common/mod.rs:120] Resources DB Table Integrity Check Succeeded
INFO  2024-02-20T06:40:38.822 ThreadId(7) [1P:data/op-db/src/common/mod.rs:134] Resources DB Integrity Check Succeeded
INFO  2024-02-20T06:40:38.822 ThreadId(7) [1P:data/op-db/src/resources_db/db.rs:133] Starting Resources DB at version: 1
ERROR 2024-02-20T06:40:38.837 ThreadId(7) [1P:/builds/dev/core/core/ssh/op-ssh-config/src/lib.rs:183] Failed to start ssh config file watcher: Io(Os { code: 2, kind: NotFound, message: "No such file or directory" })
INFO  2024-02-20T06:40:38.839 tokio-runtime-worker(ThreadId(1)) [1P:native-messaging/op-native-core-integration/src/lib.rs:328] Starting IPC listener on 1Password-BrowserSupport
INFO  2024-02-20T06:40:38.839 tokio-runtime-worker(ThreadId(1)) [1P:native-messaging/op-native-core-integration/src/lib.rs:340] Active native core integration is awaiting messages
INFO  2024-02-20T06:40:38.839 tokio-runtime-worker(ThreadId(1)) [1P:native-messaging/op-nm-installer/src/nix_utils.rs:68] Created NMH manifest at /home/$USER/.config/google-chrome/NativeMessagingHosts/com.1password.1password.json
INFO  2024-02-20T06:40:38.839 tokio-runtime-worker(ThreadId(1)) [1P:native-messaging/op-nm-installer/src/nix_utils.rs:68] Created NMH manifest at /home/$USER/.config/google-chrome-beta/NativeMessagingHosts/com.1password.1password.json
INFO  2024-02-20T06:40:38.840 tokio-runtime-worker(ThreadId(1)) [1P:native-messaging/op-nm-installer/src/nix_utils.rs:68] Created NMH manifest at /home/$USER/.config/google-chrome-unstable/NativeMessagingHosts/com.1password.1password.json
INFO  2024-02-20T06:40:38.840 tokio-runtime-worker(ThreadId(1)) [1P:native-messaging/op-nm-installer/src/nix_utils.rs:68] Created NMH manifest at /home/$USER/.config/chromium/NativeMessagingHosts/com.1password.1password.json
INFO  2024-02-20T06:40:38.840 tokio-runtime-worker(ThreadId(1)) [1P:native-messaging/op-nm-installer/src/nix_utils.rs:68] Created NMH manifest at /home/$USER/.config/microsoft-edge-dev/NativeMessagingHosts/com.1password.1password.json
INFO  2024-02-20T06:40:38.840 tokio-runtime-worker(ThreadId(1)) [1P:native-messaging/op-nm-installer/src/nix_utils.rs:68] Created NMH manifest at /home/$USER/.config/BraveSoftware/Brave-Browser/NativeMessagingHosts/com.1password.1password.json
INFO  2024-02-20T06:40:38.840 tokio-runtime-worker(ThreadId(1)) [1P:native-messaging/op-nm-installer/src/nix_utils.rs:68] Created NMH manifest at /home/$USER/.config/vivaldi/NativeMessagingHosts/com.1password.1password.json
INFO  2024-02-20T06:40:38.840 tokio-runtime-worker(ThreadId(1)) [1P:native-messaging/op-nm-installer/src/nix_utils.rs:68] Created NMH manifest at /home/$USER/.config/vivaldi-snapshot/NativeMessagingHosts/com.1password.1password.json
INFO  2024-02-20T06:40:38.840 tokio-runtime-worker(ThreadId(1)) [1P:native-messaging/op-nm-installer/src/nix_utils.rs:68] Created NMH manifest at /home/$USER/.mozilla/native-messaging-hosts/com.1password.1password.json
INFO  2024-02-20T06:40:38.841 tokio-runtime-worker(ThreadId(1)) [1P:native-messaging/op-nm-installer/src/nix_utils.rs:83] Successfully installed all native messaging manifests.
INFO  2024-02-20T06:40:38.841 tokio-runtime-worker(ThreadId(4)) [1P:ssh/op-agent-controller/src/desktop.rs:438] Starting filesystem watcher for SSH agent configuration directories...
ERROR 2024-02-20T06:40:38.847 tokio-runtime-worker(ThreadId(4)) [1P:/builds/dev/core/core/ssh/op-agent-controller/src/desktop.rs:439] Io(Os { code: 2, kind: NotFound, message: "No such file or directory" })
INFO  2024-02-20T06:40:39.400 tokio-runtime-worker(ThreadId(1)) [1P:op-app/src/app/backend/unlock.rs:538] System unlock was attempted but we cannot use it.
INFO  2024-02-20T06:40:39.418 tokio-runtime-worker(ThreadId(4)) [1P:op-app/src/app/backend/lock_screen.rs:94] System unlock is enabled: true
INFO  2024-02-20T06:40:39.418 tokio-runtime-worker(ThreadId(4)) [1P:op-app/src/app/backend/lock_screen.rs:121] Sys auth status NotSetup
INFO  2024-02-20T06:41:44.372 tokio-runtime-worker(ThreadId(1)) [1P:op-app/src/app/backend/frontend.rs:24] Front end event: window closed
INFO  2024-02-20T06:41:44.373 tokio-runtime-worker(ThreadId(1)) [1P:op-app/src/app/backend/frontend.rs:53] Front end event: app will quit
WARN  2024-02-20T06:41:44.373 tokio-runtime-worker(ThreadId(1)) [1P:op-invocation/src/lib.rs:498] shutdown requested!
INFO  2024-02-20T06:41:44.373 tokio-runtime-worker(ThreadId(1)) [1P:op-app/src/app/shutdown.rs:74] starting app shutdown
INFO  2024-02-20T06:41:44.373 tokio-runtime-worker(ThreadId(1)) [1P:op-app/src/app/shutdown.rs:136] running shutdown hook: /builds/dev/core/core/op-app/src/app.rs:993
ERROR 2024-02-20T06:41:44.387 tokio-runtime-worker(ThreadId(2)) [1P:op-app/src/app/shutdown.rs:45] ClipboardError(An unknown error occured during a clipboard operation)
INFO  2024-02-20T06:41:44.387 ThreadId(11) [1P:data/op-db-queue/src/lib.rs:237] db shutdown requested
INFO  2024-02-20T06:41:44.387 ThreadId(11) [1P:data/op-db-queue/src/lib.rs:245] closing dbs
INFO  2024-02-20T06:41:44.398 ThreadId(11) [1P:data/op-db-queue/src/lib.rs:251] db queue worker exiting
INFO  2024-02-20T06:41:44.398 tokio-runtime-worker(ThreadId(1)) [1P:op-app/src/app/shutdown.rs:109] app shutdown complete
