INFO  2024-02-19T21:17:36.488 ThreadId(8) [client:typescript] Client starting.
ERROR 2024-02-19T21:17:37.181 ThreadId(8) [1P:op-crash-reporting/src/crash_report.rs:181] Failed to load crash reports from disk: Os { code: 2, kind: NotFound, message: "No such file or directory" }
INFO  2024-02-19T21:17:37.183 ThreadId(8) [1P:op-localization/src/lib.rs:239] system locale detected as 'en-US'
INFO  2024-02-19T21:17:37.184 ThreadId(8) [1P:op-localization/src/lib.rs:265] selected translations for EN_US based on detected locale en-US
INFO  2024-02-19T21:17:37.184 ThreadId(8) [status:op-app/src/app.rs:569] App::new(1Password for Linux/81024044 (EN_US), /home/$USER/.config/1Password/1password.sqlite, /home/$USER/.config/1Password/1password_resources.sqlite)
INFO  2024-02-19T21:17:37.209 ThreadId(8) [1P:data/op-db/src/common/mod.rs:120] Core DB Table Integrity Check Succeeded
INFO  2024-02-19T21:17:37.210 ThreadId(8) [1P:data/op-db/src/common/mod.rs:134] Core DB Integrity Check Succeeded
INFO  2024-02-19T21:17:37.210 ThreadId(8) [1P:data/op-db/src/core_db/db.rs:165] Starting Core DB at version: 30
INFO  2024-02-19T21:17:37.212 ThreadId(8) [1P:data/op-db/src/common/mod.rs:120] Resources DB Table Integrity Check Succeeded
INFO  2024-02-19T21:17:37.212 ThreadId(8) [1P:data/op-db/src/common/mod.rs:134] Resources DB Integrity Check Succeeded
INFO  2024-02-19T21:17:37.212 ThreadId(8) [1P:data/op-db/src/resources_db/db.rs:133] Starting Resources DB at version: 1
ERROR 2024-02-19T21:17:37.228 ThreadId(8) [1P:/builds/dev/core/core/ssh/op-ssh-config/src/lib.rs:183] Failed to start ssh config file watcher: Io(Os { code: 2, kind: NotFound, message: "No such file or directory" })
INFO  2024-02-19T21:17:37.237 tokio-runtime-worker(ThreadId(3)) [1P:native-messaging/op-native-core-integration/src/lib.rs:328] Starting IPC listener on 1Password-BrowserSupport
INFO  2024-02-19T21:17:37.238 tokio-runtime-worker(ThreadId(3)) [1P:native-messaging/op-native-core-integration/src/lib.rs:340] Active native core integration is awaiting messages
INFO  2024-02-19T21:17:37.255 tokio-runtime-worker(ThreadId(2)) [1P:native-messaging/op-nm-installer/src/nix_utils.rs:68] Created NMH manifest at /home/$USER/.config/google-chrome/NativeMessagingHosts/com.1password.1password.json
INFO  2024-02-19T21:17:37.256 tokio-runtime-worker(ThreadId(2)) [1P:native-messaging/op-nm-installer/src/nix_utils.rs:68] Created NMH manifest at /home/$USER/.config/google-chrome-beta/NativeMessagingHosts/com.1password.1password.json
INFO  2024-02-19T21:17:37.258 tokio-runtime-worker(ThreadId(2)) [1P:native-messaging/op-nm-installer/src/nix_utils.rs:68] Created NMH manifest at /home/$USER/.config/google-chrome-unstable/NativeMessagingHosts/com.1password.1password.json
INFO  2024-02-19T21:17:37.258 tokio-runtime-worker(ThreadId(2)) [1P:native-messaging/op-nm-installer/src/nix_utils.rs:68] Created NMH manifest at /home/$USER/.config/chromium/NativeMessagingHosts/com.1password.1password.json
INFO  2024-02-19T21:17:37.259 tokio-runtime-worker(ThreadId(2)) [1P:native-messaging/op-nm-installer/src/nix_utils.rs:68] Created NMH manifest at /home/$USER/.config/microsoft-edge-dev/NativeMessagingHosts/com.1password.1password.json
INFO  2024-02-19T21:17:37.259 tokio-runtime-worker(ThreadId(2)) [1P:native-messaging/op-nm-installer/src/nix_utils.rs:68] Created NMH manifest at /home/$USER/.config/BraveSoftware/Brave-Browser/NativeMessagingHosts/com.1password.1password.json
INFO  2024-02-19T21:17:37.259 tokio-runtime-worker(ThreadId(2)) [1P:native-messaging/op-nm-installer/src/nix_utils.rs:68] Created NMH manifest at /home/$USER/.config/vivaldi/NativeMessagingHosts/com.1password.1password.json
INFO  2024-02-19T21:17:37.260 tokio-runtime-worker(ThreadId(2)) [1P:native-messaging/op-nm-installer/src/nix_utils.rs:68] Created NMH manifest at /home/$USER/.config/vivaldi-snapshot/NativeMessagingHosts/com.1password.1password.json
INFO  2024-02-19T21:17:37.261 tokio-runtime-worker(ThreadId(2)) [1P:native-messaging/op-nm-installer/src/nix_utils.rs:68] Created NMH manifest at /home/$USER/.mozilla/native-messaging-hosts/com.1password.1password.json
INFO  2024-02-19T21:17:37.261 tokio-runtime-worker(ThreadId(2)) [1P:native-messaging/op-nm-installer/src/nix_utils.rs:83] Successfully installed all native messaging manifests.
INFO  2024-02-19T21:17:37.277 tokio-runtime-worker(ThreadId(3)) [1P:ssh/op-agent-controller/src/desktop.rs:438] Starting filesystem watcher for SSH agent configuration directories...
ERROR 2024-02-19T21:17:37.278 tokio-runtime-worker(ThreadId(3)) [1P:/builds/dev/core/core/ssh/op-agent-controller/src/desktop.rs:439] Io(Os { code: 2, kind: NotFound, message: "No such file or directory" })
INFO  2024-02-19T21:17:38.007 tokio-runtime-worker(ThreadId(4)) [1P:op-app/src/app/backend/unlock.rs:538] System unlock was attempted but we cannot use it.
INFO  2024-02-19T21:17:38.013 tokio-runtime-worker(ThreadId(4)) [1P:op-app/src/app/backend/lock_screen.rs:94] System unlock is enabled: true
INFO  2024-02-19T21:17:38.016 tokio-runtime-worker(ThreadId(3)) [1P:op-app/src/app/backend/lock_screen.rs:121] Sys auth status NotSetup
INFO  2024-02-19T21:17:38.884 tokio-runtime-worker(ThreadId(2)) [1P:native-messaging/op-native-core-integration/src/lib.rs:406] Extension connecting.
INFO  2024-02-19T21:17:38.884 tokio-runtime-worker(ThreadId(2)) [1P:native-messaging/op-native-core-integration/src/lib.rs:408] Extension connection accepted.
ERROR 2024-02-19T21:24:04.419 tokio-runtime-worker(ThreadId(4)) [1P:native-messaging/op-native-core-integration/src/connection_handler.rs:62] message from b5x was None: EndConnection
ERROR 2024-02-19T21:24:04.419 tokio-runtime-worker(ThreadId(4)) [1P:native-messaging/op-native-core-integration/src/connection_handler.rs:31] Dropping connection with b5x due to error handling incoming message: EndConnection
