INFO  2024-02-20T13:01:09.000 ThreadId(7) [client:typescript] Client starting.
ERROR 2024-02-20T13:01:09.710 ThreadId(7) [1P:op-crash-reporting/src/crash_report.rs:181] Failed to load crash reports from disk: Os { code: 2, kind: NotFound, message: "No such file or directory" }
INFO  2024-02-20T13:01:09.713 ThreadId(7) [1P:op-localization/src/lib.rs:239] system locale detected as 'en-US'
INFO  2024-02-20T13:01:09.713 ThreadId(7) [1P:op-localization/src/lib.rs:265] selected translations for EN_US based on detected locale en-US
INFO  2024-02-20T13:01:09.713 ThreadId(7) [status:op-app/src/app.rs:569] App::new(1Password for Linux/81024044 (EN_US), /home/$USER/.config/1Password/1password.sqlite, /home/$USER/.config/1Password/1password_resources.sqlite)
INFO  2024-02-20T13:01:09.759 ThreadId(7) [1P:data/op-db/src/common/mod.rs:120] Core DB Table Integrity Check Succeeded
INFO  2024-02-20T13:01:09.759 ThreadId(7) [1P:data/op-db/src/common/mod.rs:134] Core DB Integrity Check Succeeded
INFO  2024-02-20T13:01:09.759 ThreadId(7) [1P:data/op-db/src/core_db/db.rs:165] Starting Core DB at version: 30
INFO  2024-02-20T13:01:09.763 ThreadId(7) [1P:data/op-db/src/common/mod.rs:120] Resources DB Table Integrity Check Succeeded
INFO  2024-02-20T13:01:09.763 ThreadId(7) [1P:data/op-db/src/common/mod.rs:134] Resources DB Integrity Check Succeeded
INFO  2024-02-20T13:01:09.763 ThreadId(7) [1P:data/op-db/src/resources_db/db.rs:133] Starting Resources DB at version: 1
ERROR 2024-02-20T13:01:09.782 ThreadId(7) [1P:/builds/dev/core/core/ssh/op-ssh-config/src/lib.rs:183] Failed to start ssh config file watcher: Io(Os { code: 2, kind: NotFound, message: "No such file or directory" })
INFO  2024-02-20T13:01:09.794 tokio-runtime-worker(ThreadId(1)) [1P:native-messaging/op-native-core-integration/src/lib.rs:328] Starting IPC listener on 1Password-BrowserSupport
INFO  2024-02-20T13:01:09.795 tokio-runtime-worker(ThreadId(3)) [1P:native-messaging/op-native-core-integration/src/lib.rs:340] Active native core integration is awaiting messages
INFO  2024-02-20T13:01:09.803 tokio-runtime-worker(ThreadId(4)) [1P:native-messaging/op-nm-installer/src/nix_utils.rs:68] Created NMH manifest at /home/$USER/.config/google-chrome/NativeMessagingHosts/com.1password.1password.json
INFO  2024-02-20T13:01:09.804 tokio-runtime-worker(ThreadId(4)) [1P:native-messaging/op-nm-installer/src/nix_utils.rs:68] Created NMH manifest at /home/$USER/.config/google-chrome-beta/NativeMessagingHosts/com.1password.1password.json
INFO  2024-02-20T13:01:09.805 tokio-runtime-worker(ThreadId(4)) [1P:native-messaging/op-nm-installer/src/nix_utils.rs:68] Created NMH manifest at /home/$USER/.config/google-chrome-unstable/NativeMessagingHosts/com.1password.1password.json
INFO  2024-02-20T13:01:09.806 tokio-runtime-worker(ThreadId(4)) [1P:native-messaging/op-nm-installer/src/nix_utils.rs:68] Created NMH manifest at /home/$USER/.config/chromium/NativeMessagingHosts/com.1password.1password.json
INFO  2024-02-20T13:01:09.807 tokio-runtime-worker(ThreadId(4)) [1P:native-messaging/op-nm-installer/src/nix_utils.rs:68] Created NMH manifest at /home/$USER/.config/microsoft-edge-dev/NativeMessagingHosts/com.1password.1password.json
INFO  2024-02-20T13:01:09.809 tokio-runtime-worker(ThreadId(4)) [1P:native-messaging/op-nm-installer/src/nix_utils.rs:68] Created NMH manifest at /home/$USER/.config/BraveSoftware/Brave-Browser/NativeMessagingHosts/com.1password.1password.json
INFO  2024-02-20T13:01:09.810 tokio-runtime-worker(ThreadId(4)) [1P:native-messaging/op-nm-installer/src/nix_utils.rs:68] Created NMH manifest at /home/$USER/.config/vivaldi/NativeMessagingHosts/com.1password.1password.json
INFO  2024-02-20T13:01:09.810 tokio-runtime-worker(ThreadId(4)) [1P:native-messaging/op-nm-installer/src/nix_utils.rs:68] Created NMH manifest at /home/$USER/.config/vivaldi-snapshot/NativeMessagingHosts/com.1password.1password.json
INFO  2024-02-20T13:01:09.810 tokio-runtime-worker(ThreadId(4)) [1P:native-messaging/op-nm-installer/src/nix_utils.rs:68] Created NMH manifest at /home/$USER/.mozilla/native-messaging-hosts/com.1password.1password.json
INFO  2024-02-20T13:01:09.810 tokio-runtime-worker(ThreadId(4)) [1P:native-messaging/op-nm-installer/src/nix_utils.rs:83] Successfully installed all native messaging manifests.
INFO  2024-02-20T13:01:09.825 tokio-runtime-worker(ThreadId(3)) [1P:ssh/op-agent-controller/src/desktop.rs:438] Starting filesystem watcher for SSH agent configuration directories...
ERROR 2024-02-20T13:01:09.827 tokio-runtime-worker(ThreadId(3)) [1P:/builds/dev/core/core/ssh/op-agent-controller/src/desktop.rs:439] Io(Os { code: 2, kind: NotFound, message: "No such file or directory" })
INFO  2024-02-20T13:01:10.503 tokio-runtime-worker(ThreadId(3)) [1P:op-app/src/app/backend/unlock.rs:538] System unlock was attempted but we cannot use it.
INFO  2024-02-20T13:01:10.519 tokio-runtime-worker(ThreadId(3)) [1P:op-app/src/app/backend/lock_screen.rs:94] System unlock is enabled: true
INFO  2024-02-20T13:01:10.521 tokio-runtime-worker(ThreadId(4)) [1P:op-app/src/app/backend/lock_screen.rs:121] Sys auth status NotSetup
INFO  2024-02-20T13:01:41.938 tokio-runtime-worker(ThreadId(2)) [1P:native-messaging/op-native-core-integration/src/lib.rs:406] Extension connecting.
INFO  2024-02-20T13:01:41.938 tokio-runtime-worker(ThreadId(2)) [1P:native-messaging/op-native-core-integration/src/lib.rs:408] Extension connection accepted.
INFO  2024-02-20T14:04:36.601 tokio-runtime-worker(ThreadId(1)) [1P:op-app/src/app/backend/lock_screen.rs:94] System unlock is enabled: true
INFO  2024-02-20T14:04:36.689 tokio-runtime-worker(ThreadId(1)) [1P:/builds/dev/core/core/data/ext/op-account-ext-settings-authentication/src/lib.rs:211] loaded settings authentication key: 02bd39efc00e5452
INFO  2024-02-20T14:04:36.694 tokio-runtime-worker(ThreadId(2)) [1P:data/ext/op-account-ext-items/src/lib.rs:262] loaded 276 items in 4 vaults for account: VYVQDGI4M5F7BD5R3KA7QX6YGQ
INFO  2024-02-20T14:04:36.700 tokio-runtime-worker(ThreadId(4)) [1P:op-settings/src/store/json_store.rs:685] initializing settings authentication with key 02bd39efc00e5452
INFO  2024-02-20T14:04:36.701 tokio-runtime-worker(ThreadId(4)) [1P:op-app/src/app/backend/unlock.rs:135] Lock state changed: Unlocked
INFO  2024-02-20T14:04:36.703 tokio-runtime-worker(ThreadId(4)) [1P:op-app/src/app/backend/unlock.rs:166] Processing unlocked account VYVQDGI4M5F7BD5R3KA7QX6YGQ
INFO  2024-02-20T14:04:36.723 tokio-runtime-worker(ThreadId(4)) [1P:op-app/src/app/backend/frontend.rs:24] Front end event: window closed
INFO  2024-02-20T14:04:36.757 tokio-runtime-worker(ThreadId(1)) [1P:data/op-account-system-unlock/src/lib.rs:518] Adding system unlock key. Verifying keysets can be decrypted.
INFO  2024-02-20T14:04:36.760 tokio-runtime-worker(ThreadId(1)) [1P:data/op-account-system-unlock/src/lib.rs:524] Adding system unlock key. Encrypting muk.
INFO  2024-02-20T14:04:36.762 ThreadId(11) [1P:data/op-account-system-unlock/src/lib.rs:530] Adding system unlock key. Updating account.
INFO  2024-02-20T14:04:37.542 tokio-runtime-worker(ThreadId(3)) [1P:op-b5-client/src/internal/unauthorized_session.rs:1042] Skipping MFA because server did not return MFA config
INFO  2024-02-20T14:04:38.023 tokio-runtime-worker(ThreadId(2)) [1P:op-syncer/src/sync_job.rs:314] synced account VYVQDGI4M5F7BD5R3KA7QX6YGQ (0.478360803s)
INFO  2024-02-20T14:04:38.024 tokio-runtime-worker(ThreadId(3)) [1P:data/op-file-transfer/src/lib.rs:579] find_and_complete_pending_uploads: 'VYVQDGI4M5F7BD5R3KA7QX6YGQ'
INFO  2024-02-20T14:04:38.473 tokio-runtime-worker(ThreadId(2)) [1P:data/ext/op-account-ext-syncer/src/lib.rs:249] The B5 Notifier for (VYVQDGI4M5F7BD5R3KA7QX6YGQ) has connected, now monitoring for events.
WARN  2024-02-20T14:36:45.695 tokio-runtime-worker(ThreadId(4)) [1P:data/ext/op-account-ext-syncer/src/lib.rs:240] The B5 Notifier for (VYVQDGI4M5F7BD5R3KA7QX6YGQ) has disconnected.
ERROR 2024-02-20T14:36:56.114 tokio-runtime-worker(ThreadId(3)) [1P:/builds/dev/core/core/op-notification-listener/src/lib.rs:247] ConnectionError(Http(Response { status: 504, version: HTTP/1.1, headers: "<redacted>", body: "<redacted>" }))
WARN  2024-02-20T14:36:56.114 tokio-runtime-worker(ThreadId(3)) [1P:op-notification-listener/src/lib.rs:270] Error initiating socket. Retrying
ERROR 2024-02-20T14:37:10.557 tokio-runtime-worker(ThreadId(3)) [1P:/builds/dev/core/core/op-notification-listener/src/lib.rs:247] ConnectionError(Http(Response { status: 504, version: HTTP/1.1, headers: "<redacted>", body: "<redacted>" }))
WARN  2024-02-20T14:37:10.557 tokio-runtime-worker(ThreadId(3)) [1P:op-notification-listener/src/lib.rs:270] Error initiating socket. Retrying
INFO  2024-02-20T14:37:26.978 tokio-runtime-worker(ThreadId(2)) [1P:data/ext/op-account-ext-syncer/src/lib.rs:249] The B5 Notifier for (VYVQDGI4M5F7BD5R3KA7QX6YGQ) has connected, now monitoring for events.
ERROR 2024-02-20T16:00:16.026 tokio-runtime-worker(ThreadId(3)) [1P:native-messaging/op-native-core-integration/src/connection_handler.rs:62] message from b5x was None: EndConnection
ERROR 2024-02-20T16:00:16.027 tokio-runtime-worker(ThreadId(3)) [1P:native-messaging/op-native-core-integration/src/connection_handler.rs:31] Dropping connection with b5x due to error handling incoming message: EndConnection
