INFO  2024-02-19T19:31:24.956 ThreadId(7) [1P:op-settings/src/store/json_store.rs:117] Settings file "/home/$USER/.config/1Password/settings/settings.json" missing, using defaults.
INFO  2024-02-19T19:31:24.957 ThreadId(7) [client:typescript] Client starting.
ERROR 2024-02-19T19:31:25.481 ThreadId(7) [1P:op-crash-reporting/src/crash_report.rs:181] Failed to load crash reports from disk: Os { code: 2, kind: NotFound, message: "No such file or directory" }
INFO  2024-02-19T19:31:25.482 ThreadId(7) [1P:op-localization/src/lib.rs:239] system locale detected as 'en-US'
INFO  2024-02-19T19:31:25.482 ThreadId(7) [1P:op-localization/src/lib.rs:265] selected translations for EN_US based on detected locale en-US
INFO  2024-02-19T19:31:25.482 ThreadId(7) [status:op-app/src/app.rs:569] App::new(1Password for Linux/81024044 (EN_US), /home/$USER/.config/1Password/1password.sqlite, /home/$USER/.config/1Password/1password_resources.sqlite)
INFO  2024-02-19T19:31:25.483 ThreadId(7) [1P:data/op-db/src/common/mod.rs:120] Core DB Table Integrity Check Succeeded
INFO  2024-02-19T19:31:25.483 ThreadId(7) [1P:data/op-db/src/common/mod.rs:134] Core DB Integrity Check Succeeded
INFO  2024-02-19T19:31:25.483 ThreadId(7) [1P:data/op-db/src/core_db/db.rs:165] Starting Core DB at version: 0
INFO  2024-02-19T19:31:25.489 ThreadId(7) [1P:data/op-db/src/core_db/db.rs:190] Database is being created at '/home/$USER/.config/1Password/1password.sqlite' (sqlite: 3039002)
INFO  2024-02-19T19:31:25.500 ThreadId(7) [1P:data/op-db/src/core_db/db.rs:516] Updated DB Schema to version 001
INFO  2024-02-19T19:31:25.505 ThreadId(7) [1P:data/op-db/src/core_db/db.rs:538] Updated DB Schema to version 002
INFO  2024-02-19T19:31:25.517 ThreadId(7) [1P:data/op-db/src/core_db/db.rs:550] Updated DB Schema to version 003
INFO  2024-02-19T19:31:25.520 ThreadId(7) [1P:data/op-db/src/core_db/db.rs:566] Updated DB Schema to version 005
INFO  2024-02-19T19:31:25.523 ThreadId(7) [1P:data/op-db/src/core_db/db.rs:582] Updated DB Schema to version 006
INFO  2024-02-19T19:31:25.527 ThreadId(7) [1P:data/op-db/src/core_db/db.rs:596] Updated DB Schema to version 007
INFO  2024-02-19T19:31:25.529 ThreadId(7) [1P:data/op-db/src/core_db/db.rs:610] Updated DB Schema to version 008
INFO  2024-02-19T19:31:25.533 ThreadId(7) [1P:data/op-db/src/core_db/db.rs:624] Updated DB Schema to version 009
INFO  2024-02-19T19:31:25.536 ThreadId(7) [1P:data/op-db/src/core_db/db.rs:638] Updated DB Schema to version 011
INFO  2024-02-19T19:31:25.536 ThreadId(7) [1P:data/op-db/src/core_db/db.rs:653] Updated DB Schema to version 012
INFO  2024-02-19T19:31:25.540 ThreadId(7) [1P:data/op-db/src/core_db/db.rs:667] Updated DB Schema to version 013
INFO  2024-02-19T19:31:25.543 ThreadId(7) [1P:data/op-db/src/core_db/db.rs:681] Updated DB Schema to version 014
INFO  2024-02-19T19:31:25.547 ThreadId(7) [1P:data/op-db/src/core_db/db.rs:695] Updated DB Schema to version 015
INFO  2024-02-19T19:31:25.558 ThreadId(7) [1P:data/op-db/src/core_db/db.rs:709] Updated DB Schema to version 016
INFO  2024-02-19T19:31:25.565 ThreadId(7) [1P:data/op-db/src/core_db/db.rs:723] Updated DB Schema to version 017
INFO  2024-02-19T19:31:25.572 ThreadId(7) [1P:data/op-db/src/core_db/db.rs:737] Updated DB Schema to version 018
INFO  2024-02-19T19:31:25.575 ThreadId(7) [1P:data/op-db/src/core_db/db.rs:751] Updated DB Schema to version 019
INFO  2024-02-19T19:31:25.582 ThreadId(7) [1P:data/op-db/src/core_db/db.rs:865] Updated DB Schema to version 021
INFO  2024-02-19T19:31:25.585 ThreadId(7) [1P:data/op-db/src/core_db/db.rs:879] Updated DB Schema to version 022
INFO  2024-02-19T19:31:25.593 ThreadId(7) [1P:data/op-db/src/core_db/db.rs:893] Updated DB Schema to version 023
INFO  2024-02-19T19:31:25.601 ThreadId(7) [1P:data/op-db/src/core_db/db.rs:907] Updated DB Schema to version 024
INFO  2024-02-19T19:31:25.608 ThreadId(7) [1P:data/op-db/src/core_db/db.rs:921] Updated DB Schema to version 025
INFO  2024-02-19T19:31:25.611 ThreadId(7) [1P:data/op-db/src/core_db/db.rs:1035] Updated DB Schema to version 026
INFO  2024-02-19T19:31:25.614 ThreadId(7) [1P:data/op-db/src/core_db/db.rs:1049] Updated DB Schema to version 027
INFO  2024-02-19T19:31:25.621 ThreadId(7) [1P:data/op-db/src/core_db/db.rs:1063] Updated DB Schema to version 028
INFO  2024-02-19T19:31:25.625 ThreadId(7) [1P:data/op-db/src/core_db/db.rs:1077] Updated DB Schema to version 029
INFO  2024-02-19T19:31:25.632 ThreadId(7) [1P:data/op-db/src/core_db/db.rs:1091] Updated DB Schema to version 030
INFO  2024-02-19T19:31:25.636 ThreadId(7) [1P:data/op-db/src/common/mod.rs:120] Resources DB Table Integrity Check Succeeded
INFO  2024-02-19T19:31:25.636 ThreadId(7) [1P:data/op-db/src/common/mod.rs:134] Resources DB Integrity Check Succeeded
INFO  2024-02-19T19:31:25.636 ThreadId(7) [1P:data/op-db/src/resources_db/db.rs:133] Starting Resources DB at version: 0
INFO  2024-02-19T19:31:25.636 ThreadId(7) [1P:data/op-db/src/resources_db/db.rs:141] Resources Database is being created at '/home/$USER/.config/1Password/1password_resources.sqlite' (sqlite: 3039002)
INFO  2024-02-19T19:31:25.645 ThreadId(7) [1P:data/op-db/src/resources_db/db.rs:246] Updated DB Schema to version 001
ERROR 2024-02-19T19:31:25.650 ThreadId(7) [1P:/builds/dev/core/core/ssh/op-ssh-config/src/lib.rs:183] Failed to start ssh config file watcher: Io(Os { code: 2, kind: NotFound, message: "No such file or directory" })
INFO  2024-02-19T19:31:25.651 tokio-runtime-worker(ThreadId(1)) [1P:native-messaging/op-native-core-integration/src/lib.rs:328] Starting IPC listener on 1Password-BrowserSupport
INFO  2024-02-19T19:31:25.652 tokio-runtime-worker(ThreadId(3)) [1P:native-messaging/op-native-core-integration/src/lib.rs:340] Active native core integration is awaiting messages
INFO  2024-02-19T19:31:25.652 tokio-runtime-worker(ThreadId(1)) [1P:native-messaging/op-nm-installer/src/nix_utils.rs:48] Creating manifest directory for Chromium at /home/$USER/.config/google-chrome/NativeMessagingHosts
INFO  2024-02-19T19:31:25.653 tokio-runtime-worker(ThreadId(1)) [1P:native-messaging/op-nm-installer/src/nix_utils.rs:68] Created NMH manifest at /home/$USER/.config/google-chrome/NativeMessagingHosts/com.1password.1password.json
INFO  2024-02-19T19:31:25.653 tokio-runtime-worker(ThreadId(1)) [1P:native-messaging/op-nm-installer/src/nix_utils.rs:48] Creating manifest directory for Chromium at /home/$USER/.config/google-chrome-beta/NativeMessagingHosts
INFO  2024-02-19T19:31:25.653 tokio-runtime-worker(ThreadId(1)) [1P:native-messaging/op-nm-installer/src/nix_utils.rs:68] Created NMH manifest at /home/$USER/.config/google-chrome-beta/NativeMessagingHosts/com.1password.1password.json
INFO  2024-02-19T19:31:25.653 tokio-runtime-worker(ThreadId(1)) [1P:native-messaging/op-nm-installer/src/nix_utils.rs:48] Creating manifest directory for Chromium at /home/$USER/.config/google-chrome-unstable/NativeMessagingHosts
INFO  2024-02-19T19:31:25.654 tokio-runtime-worker(ThreadId(1)) [1P:native-messaging/op-nm-installer/src/nix_utils.rs:68] Created NMH manifest at /home/$USER/.config/google-chrome-unstable/NativeMessagingHosts/com.1password.1password.json
INFO  2024-02-19T19:31:25.654 tokio-runtime-worker(ThreadId(1)) [1P:native-messaging/op-nm-installer/src/nix_utils.rs:48] Creating manifest directory for Chromium at /home/$USER/.config/chromium/NativeMessagingHosts
INFO  2024-02-19T19:31:25.654 tokio-runtime-worker(ThreadId(1)) [1P:native-messaging/op-nm-installer/src/nix_utils.rs:68] Created NMH manifest at /home/$USER/.config/chromium/NativeMessagingHosts/com.1password.1password.json
INFO  2024-02-19T19:31:25.654 tokio-runtime-worker(ThreadId(1)) [1P:native-messaging/op-nm-installer/src/nix_utils.rs:48] Creating manifest directory for Chromium at /home/$USER/.config/microsoft-edge-dev/NativeMessagingHosts
INFO  2024-02-19T19:31:25.654 tokio-runtime-worker(ThreadId(1)) [1P:native-messaging/op-nm-installer/src/nix_utils.rs:68] Created NMH manifest at /home/$USER/.config/microsoft-edge-dev/NativeMessagingHosts/com.1password.1password.json
INFO  2024-02-19T19:31:25.654 tokio-runtime-worker(ThreadId(1)) [1P:native-messaging/op-nm-installer/src/nix_utils.rs:48] Creating manifest directory for Chromium at /home/$USER/.config/BraveSoftware/Brave-Browser/NativeMessagingHosts
INFO  2024-02-19T19:31:25.655 tokio-runtime-worker(ThreadId(1)) [1P:native-messaging/op-nm-installer/src/nix_utils.rs:68] Created NMH manifest at /home/$USER/.config/BraveSoftware/Brave-Browser/NativeMessagingHosts/com.1password.1password.json
INFO  2024-02-19T19:31:25.655 tokio-runtime-worker(ThreadId(1)) [1P:native-messaging/op-nm-installer/src/nix_utils.rs:48] Creating manifest directory for Chromium at /home/$USER/.config/vivaldi/NativeMessagingHosts
INFO  2024-02-19T19:31:25.655 tokio-runtime-worker(ThreadId(1)) [1P:native-messaging/op-nm-installer/src/nix_utils.rs:68] Created NMH manifest at /home/$USER/.config/vivaldi/NativeMessagingHosts/com.1password.1password.json
INFO  2024-02-19T19:31:25.655 tokio-runtime-worker(ThreadId(1)) [1P:native-messaging/op-nm-installer/src/nix_utils.rs:48] Creating manifest directory for Chromium at /home/$USER/.config/vivaldi-snapshot/NativeMessagingHosts
INFO  2024-02-19T19:31:25.656 tokio-runtime-worker(ThreadId(1)) [1P:native-messaging/op-nm-installer/src/nix_utils.rs:68] Created NMH manifest at /home/$USER/.config/vivaldi-snapshot/NativeMessagingHosts/com.1password.1password.json
INFO  2024-02-19T19:31:25.656 tokio-runtime-worker(ThreadId(1)) [1P:native-messaging/op-nm-installer/src/nix_utils.rs:48] Creating manifest directory for Firefox at /home/$USER/.mozilla/native-messaging-hosts
INFO  2024-02-19T19:31:25.656 tokio-runtime-worker(ThreadId(1)) [1P:native-messaging/op-nm-installer/src/nix_utils.rs:68] Created NMH manifest at /home/$USER/.mozilla/native-messaging-hosts/com.1password.1password.json
INFO  2024-02-19T19:31:25.656 tokio-runtime-worker(ThreadId(1)) [1P:native-messaging/op-nm-installer/src/nix_utils.rs:83] Successfully installed all native messaging manifests.
INFO  2024-02-19T19:31:25.658 tokio-runtime-worker(ThreadId(2)) [1P:ssh/op-agent-controller/src/desktop.rs:438] Starting filesystem watcher for SSH agent configuration directories...
ERROR 2024-02-19T19:31:25.659 tokio-runtime-worker(ThreadId(2)) [1P:/builds/dev/core/core/ssh/op-agent-controller/src/desktop.rs:439] Io(Os { code: 2, kind: NotFound, message: "No such file or directory" })
ERROR 2024-02-19T19:31:25.708 ThreadId(7) [client:typescript] Could not load window state.
INFO  2024-02-19T19:31:26.180 tokio-runtime-worker(ThreadId(3)) [1P:op-app/src/app/backend/unlock.rs:538] System unlock was attempted but we cannot use it.
INFO  2024-02-19T19:31:41.416 tokio-runtime-worker(ThreadId(4)) [1P:op-app/src/app/backend/unlock.rs:538] System unlock was attempted but we cannot use it.
INFO  2024-02-19T19:31:41.422 tokio-runtime-worker(ThreadId(4)) [1P:op-app/src/app/backend/unlock.rs:538] System unlock was attempted but we cannot use it.
INFO  2024-02-19T19:31:48.573 tokio-runtime-worker(ThreadId(4)) [1P:op-b5-client/src/internal/unauthorized_session.rs:845] Registered device 2wyryqdwozjsoio5nnl7mc4mfu
ERROR 2024-02-19T19:31:49.142 tokio-runtime-worker(ThreadId(4)) [1P:op-app/src/app/backend/signin.rs:579] error signing in from data layer: UnableToCreateClient(FetchError(post_auth_verify, code: HttpStatus(401), Session ID: Some(Session ID: EPL6L3VJT5DDDB265XZF6WEEFI)))
ERROR 2024-02-19T19:31:49.142 tokio-runtime-worker(ThreadId(4)) [1P:/builds/dev/core/core/op-signin/src/lib.rs:717] error signing in from data layer: other error
ERROR 2024-02-19T19:31:49.142 tokio-runtime-worker(ThreadId(4)) [1P:/builds/dev/core/core/ui/op-signin-ui/src/handlers.rs:1028] Error signing in: other error
INFO  2024-02-19T19:31:56.530 tokio-runtime-worker(ThreadId(4)) [1P:op-b5-client/src/internal/unauthorized_session.rs:1042] Skipping MFA because server did not return MFA config
INFO  2024-02-19T19:31:56.531 tokio-runtime-worker(ThreadId(4)) [1P:data/op-add-account/src/first_sync.rs:415] starting initial account sync
INFO  2024-02-19T19:31:57.936 tokio-runtime-worker(ThreadId(4)) [1P:op-syncer/src/sync_job.rs:314] synced account VYVQDGI4M5F7BD5R3KA7QX6YGQ (1.4051156360000001s)
INFO  2024-02-19T19:31:58.023 tokio-runtime-worker(ThreadId(2)) [1P:/builds/dev/core/core/data/ext/op-account-ext-settings-authentication/src/lib.rs:211] loaded settings authentication key: none
INFO  2024-02-19T19:31:58.024 tokio-runtime-worker(ThreadId(4)) [1P:data/ext/op-account-ext-items/src/lib.rs:262] loaded 0 items in 4 vaults for account: VYVQDGI4M5F7BD5R3KA7QX6YGQ
INFO  2024-02-19T19:31:58.025 tokio-runtime-worker(ThreadId(4)) [1P:op-app/src/app/backend/load.rs:401] starting refresher task during initial account sign-in
INFO  2024-02-19T19:31:58.026 tokio-runtime-worker(ThreadId(3)) [1P:data/ext/op-account-ext-settings-authentication/src/lib.rs:286] No and/or corrupt account setting authentication key, generating a new one.
INFO  2024-02-19T19:31:58.026 tokio-runtime-worker(ThreadId(3)) [1P:data/ext/op-account-ext-settings-authentication/src/lib.rs:306] Applying new setting authentication key (02bd39efc00e5452) to account (VYVQDGI4M5F7BD5R3KA7QX6YGQ).
INFO  2024-02-19T19:31:58.026 tokio-runtime-worker(ThreadId(3)) [1P:op-settings/src/store/json_store.rs:685] initializing settings authentication with key 02bd39efc00e5452
INFO  2024-02-19T19:31:58.026 tokio-runtime-worker(ThreadId(3)) [1P:op-app/src/app/backend/load.rs:410] refreshing ui for pending sign-in
INFO  2024-02-19T19:31:58.026 tokio-runtime-worker(ThreadId(2)) [1P:op-app/src/app/backend/unlock.rs:135] Lock state changed: Unlocked
INFO  2024-02-19T19:31:58.027 tokio-runtime-worker(ThreadId(2)) [1P:op-app/src/app/backend/unlock.rs:166] Processing unlocked account VYVQDGI4M5F7BD5R3KA7QX6YGQ
INFO  2024-02-19T19:31:58.027 tokio-runtime-worker(ThreadId(2)) [1P:op-settings/src/store/json_store.rs:117] Settings file "/home/$USER/.config/1Password/settings/settings.json" missing, using defaults.
INFO  2024-02-19T19:31:58.443 tokio-runtime-worker(ThreadId(2)) [1P:data/ext/op-account-ext-syncer/src/lib.rs:249] The B5 Notifier for (VYVQDGI4M5F7BD5R3KA7QX6YGQ) has connected, now monitoring for events.
INFO  2024-02-19T19:31:59.399 tokio-runtime-worker(ThreadId(4)) [1P:op-syncer/src/sync_job.rs:314] synced account VYVQDGI4M5F7BD5R3KA7QX6YGQ (1.374215216s)
INFO  2024-02-19T19:31:59.400 tokio-runtime-worker(ThreadId(1)) [1P:data/op-file-transfer/src/lib.rs:579] find_and_complete_pending_uploads: 'VYVQDGI4M5F7BD5R3KA7QX6YGQ'
INFO  2024-02-19T19:31:59.400 tokio-runtime-worker(ThreadId(4)) [1P:op-app/src/app/backend/load.rs:415] shutting down refresher task
INFO  2024-02-19T19:31:59.535 tokio-runtime-worker(ThreadId(1)) [1P:op-syncer/src/sync_job.rs:314] synced account VYVQDGI4M5F7BD5R3KA7QX6YGQ (0.134557077s)
INFO  2024-02-19T19:32:09.994 ThreadId(7) [client:typescript] Settings file changed.
INFO  2024-02-19T19:32:10.652 tokio-runtime-worker(ThreadId(3)) [1P:data/op-account-system-unlock/src/lib.rs:518] Adding system unlock key. Verifying keysets can be decrypted.
INFO  2024-02-19T19:32:10.655 tokio-runtime-worker(ThreadId(3)) [1P:data/op-account-system-unlock/src/lib.rs:524] Adding system unlock key. Encrypting muk.
INFO  2024-02-19T19:32:10.655 ThreadId(11) [1P:data/op-account-system-unlock/src/lib.rs:530] Adding system unlock key. Updating account.
INFO  2024-02-19T19:32:19.938 tokio-runtime-worker(ThreadId(2)) [1P:native-messaging/op-native-core-integration/src/lib.rs:406] Extension connecting.
INFO  2024-02-19T19:32:19.938 tokio-runtime-worker(ThreadId(2)) [1P:native-messaging/op-native-core-integration/src/lib.rs:408] Extension connection accepted.
INFO  2024-02-19T20:02:18.340 tokio-runtime-worker(ThreadId(4)) [1P:op-app/src/app/backend/frontend.rs:24] Front end event: window closed
ERROR 2024-02-19T20:02:20.113 tokio-runtime-worker(ThreadId(3)) [1P:native-messaging/op-native-core-integration/src/connection_handler.rs:62] message from b5x was None: EndConnection
ERROR 2024-02-19T20:02:20.114 tokio-runtime-worker(ThreadId(3)) [1P:native-messaging/op-native-core-integration/src/connection_handler.rs:31] Dropping connection with b5x due to error handling incoming message: EndConnection
